<?xml version="1.0" encoding="UTF-8"?>
<testng-results ignored="0" total="1" passed="1" failed="0" skipped="0">
  <reporter-output>
  </reporter-output>
  <suite started-at="2023-05-25T21:22:19 ART" name="Suite" finished-at="2023-05-25T21:22:30 ART" duration-ms="11208">
    <groups>
    </groups>
    <test started-at="2023-05-25T21:22:19 ART" name="FirefoxTests" finished-at="2023-05-25T21:22:30 ART" duration-ms="11208">
      <class name="eCommerce.Tests.Mobile_comparePrice">
        <test-method is-config="true" signature="startSuite()[pri:0, instance:eCommerce.Tests.Mobile_comparePrice@26d9b808]" started-at="2023-05-25T21:22:19 ART" name="startSuite" finished-at="2023-05-25T21:22:19 ART" duration-ms="11" status="PASS">
          <reporter-output>
          </reporter-output>
        </test-method> <!-- startSuite -->
        <test-method is-config="true" signature="setUp(java.lang.String)[pri:0, instance:eCommerce.Tests.Mobile_comparePrice@26d9b808]" started-at="2023-05-25T21:22:19 ART" name="setUp" finished-at="2023-05-25T21:22:26 ART" duration-ms="6472" status="PASS">
          <params>
            <param index="0">
              <value>
                <![CDATA[Firefox]]>
              </value>
            </param>
          </params>
          <reporter-output>
          </reporter-output>
        </test-method> <!-- setUp -->
        <test-method signature="comparePrice()[pri:0, instance:eCommerce.Tests.Mobile_comparePrice@26d9b808]" started-at="2023-05-25T21:22:26 ART" name="comparePrice" finished-at="2023-05-25T21:22:29 ART" duration-ms="3297" status="PASS">
          <reporter-output>
          </reporter-output>
        </test-method> <!-- comparePrice -->
        <test-method is-config="true" signature="returnHome()[pri:0, instance:eCommerce.Tests.Mobile_comparePrice@26d9b808]" started-at="2023-05-25T21:22:29 ART" name="returnHome" finished-at="2023-05-25T21:22:29 ART" duration-ms="619" status="PASS">
          <reporter-output>
          </reporter-output>
        </test-method> <!-- returnHome -->
        <test-method is-config="true" signature="tearDown()[pri:0, instance:eCommerce.Tests.Mobile_comparePrice@26d9b808]" started-at="2023-05-25T21:22:29 ART" name="tearDown" finished-at="2023-05-25T21:22:30 ART" duration-ms="794" status="PASS">
          <reporter-output>
          </reporter-output>
        </test-method> <!-- tearDown -->
        <test-method is-config="true" signature="endSuite()[pri:0, instance:eCommerce.Tests.Mobile_comparePrice@26d9b808]" started-at="2023-05-25T21:22:30 ART" name="endSuite" finished-at="2023-05-25T21:22:30 ART" duration-ms="1" status="PASS">
          <reporter-output>
          </reporter-output>
        </test-method> <!-- endSuite -->
      </class> <!-- eCommerce.Tests.Mobile_comparePrice -->
    </test> <!-- FirefoxTests -->
  </suite> <!-- Suite -->
</testng-results>
