<?xml version="1.0" encoding="UTF-8"?>
<testng-results ignored="0" total="1" passed="1" failed="0" skipped="0">
  <reporter-output>
  </reporter-output>
  <suite started-at="2023-05-28T23:11:54 ART" name="Suite" finished-at="2023-05-28T23:12:09 ART" duration-ms="15459">
    <groups>
    </groups>
    <test started-at="2023-05-28T23:11:54 ART" name="FirefoxTests" finished-at="2023-05-28T23:12:09 ART" duration-ms="15459">
      <class name="eCommerce.Tests.Day4_mobile_compareItems">
        <test-method is-config="true" signature="startSuite()[pri:0, instance:eCommerce.Tests.Day4_mobile_compareItems@7eecb5b8]" started-at="2023-05-28T23:11:54 ART" name="startSuite" finished-at="2023-05-28T23:11:54 ART" duration-ms="9" status="PASS">
          <reporter-output>
          </reporter-output>
        </test-method> <!-- startSuite -->
        <test-method is-config="true" signature="setUp(java.lang.String)[pri:0, instance:eCommerce.Tests.Day4_mobile_compareItems@7eecb5b8]" started-at="2023-05-28T23:11:54 ART" name="setUp" finished-at="2023-05-28T23:12:00 ART" duration-ms="6549" status="PASS">
          <params>
            <param index="0">
              <value>
                <![CDATA[Firefox]]>
              </value>
            </param>
          </params>
          <reporter-output>
          </reporter-output>
        </test-method> <!-- setUp -->
        <test-method signature="addItemstoCart_TooMany()[pri:0, instance:eCommerce.Tests.Day4_mobile_compareItems@7eecb5b8]" started-at="2023-05-28T23:12:00 ART" name="addItemstoCart_TooMany" finished-at="2023-05-28T23:12:08 ART" duration-ms="7423" status="PASS">
          <reporter-output>
          </reporter-output>
        </test-method> <!-- addItemstoCart_TooMany -->
        <test-method is-config="true" signature="returnHome()[pri:0, instance:eCommerce.Tests.Day4_mobile_compareItems@7eecb5b8]" started-at="2023-05-28T23:12:08 ART" name="returnHome" finished-at="2023-05-28T23:12:08 ART" duration-ms="696" status="PASS">
          <reporter-output>
          </reporter-output>
        </test-method> <!-- returnHome -->
        <test-method is-config="true" signature="tearDown()[pri:0, instance:eCommerce.Tests.Day4_mobile_compareItems@7eecb5b8]" started-at="2023-05-28T23:12:08 ART" name="tearDown" finished-at="2023-05-28T23:12:09 ART" duration-ms="762" status="PASS">
          <reporter-output>
          </reporter-output>
        </test-method> <!-- tearDown -->
        <test-method is-config="true" signature="endSuite()[pri:0, instance:eCommerce.Tests.Day4_mobile_compareItems@7eecb5b8]" started-at="2023-05-28T23:12:09 ART" name="endSuite" finished-at="2023-05-28T23:12:09 ART" duration-ms="0" status="PASS">
          <reporter-output>
          </reporter-output>
        </test-method> <!-- endSuite -->
      </class> <!-- eCommerce.Tests.Day4_mobile_compareItems -->
    </test> <!-- FirefoxTests -->
  </suite> <!-- Suite -->
</testng-results>
